1495037023243	geckodriver	INFO	Listening on 127.0.0.1:61639
1495037027313	geckodriver::marionette	INFO	Starting browser /Applications/Firefox.app/Contents/MacOS/firefox-bin with args ["-marionette"]
1495037036030	Marionette	INFO	Listening on port 61657
1495037036283	Marionette	WARN	TLS certificate errors will be ignored for this session
2017-05-17 09:03:57.880 plugin-container[5446:1489606] *** CFMessagePort: bootstrap_register(): failed 1100 (0x44c) 'Permission denied', port = 0x8b3f, name = 'com.apple.tsm.portname'
See /usr/include/servers/bootstrap_defs.h for the error codes.
2017-05-17 09:03:57.932 plugin-container[5446:1489606] *** CFMessagePort: bootstrap_register(): failed 1100 (0x44c) 'Permission denied', port = 0x8d23, name = 'com.apple.CFPasteboardClient'
See /usr/include/servers/bootstrap_defs.h for the error codes.
2017-05-17 09:03:57.933 plugin-container[5446:1489606] void __CFPasteboardSetup() : Failed to allocate communication port for com.apple.CFPasteboardClient; this is likely due to sandbox restrictions
1495037052172	Marionette	INFO	New connections will no longer be accepted
1495043996434	geckodriver	INFO	Listening on 127.0.0.1:49751
1495043997996	geckodriver::marionette	INFO	Starting browser /Applications/Firefox.app/Contents/MacOS/firefox-bin with args ["-marionette"]
1495044004568	Marionette	INFO	Listening on port 49768
1495044004813	Marionette	WARN	TLS certificate errors will be ignored for this session
2017-05-17 11:00:05.879 plugin-container[6235:1502941] *** CFMessagePort: bootstrap_register(): failed 1100 (0x44c) 'Permission denied', port = 0x8f3f, name = 'com.apple.tsm.portname'
See /usr/include/servers/bootstrap_defs.h for the error codes.
2017-05-17 11:00:05.951 plugin-container[6235:1502941] *** CFMessagePort: bootstrap_register(): failed 1100 (0x44c) 'Permission denied', port = 0x911b, name = 'com.apple.CFPasteboardClient'
See /usr/include/servers/bootstrap_defs.h for the error codes.
2017-05-17 11:00:05.952 plugin-container[6235:1502941] void __CFPasteboardSetup() : Failed to allocate communication port for com.apple.CFPasteboardClient; this is likely due to sandbox restrictions
1495044061831	geckodriver	INFO	Listening on 127.0.0.1:50059
1495044063578	geckodriver::marionette	INFO	Starting browser /Applications/Firefox.app/Contents/MacOS/firefox-bin with args ["-marionette"]
1495044070737	Marionette	INFO	Listening on port 50072
1495044070848	Marionette	WARN	TLS certificate errors will be ignored for this session
2017-05-17 11:01:11.421 plugin-container[6268:1503575] *** CFMessagePort: bootstrap_register(): failed 1100 (0x44c) 'Permission denied', port = 0x8f3f, name = 'com.apple.tsm.portname'
See /usr/include/servers/bootstrap_defs.h for the error codes.
2017-05-17 11:01:11.424 plugin-container[6268:1503575] *** CFMessagePort: bootstrap_register(): failed 1100 (0x44c) 'Permission denied', port = 0x501b, name = 'com.apple.CFPasteboardClient'
See /usr/include/servers/bootstrap_defs.h for the error codes.
2017-05-17 11:01:11.424 plugin-container[6268:1503575] void __CFPasteboardSetup() : Failed to allocate communication port for com.apple.CFPasteboardClient; this is likely due to sandbox restrictions
*************************
A coding exception was thrown and uncaught in a Task.

Full message: TypeError: NetworkError when attempting to fetch resource.
Full stack: 
*************************
*************************
A coding exception was thrown and uncaught in a Task.

Full message: TypeError: NetworkError when attempting to fetch resource.
Full stack: 
*************************
1495044983832	geckodriver	INFO	Listening on 127.0.0.1:52782
1495044986123	geckodriver::marionette	INFO	Starting browser /Applications/Firefox.app/Contents/MacOS/firefox-bin with args ["-marionette"]
1495044991953	Marionette	INFO	Listening on port 52803
1495044992083	Marionette	WARN	TLS certificate errors will be ignored for this session
2017-05-17 11:16:32.764 plugin-container[6645:1509907] *** CFMessagePort: bootstrap_register(): failed 1100 (0x44c) 'Permission denied', port = 0x8e3f, name = 'com.apple.tsm.portname'
See /usr/include/servers/bootstrap_defs.h for the error codes.
2017-05-17 11:16:32.767 plugin-container[6645:1509907] *** CFMessagePort: bootstrap_register(): failed 1100 (0x44c) 'Permission denied', port = 0x5217, name = 'com.apple.CFPasteboardClient'
See /usr/include/servers/bootstrap_defs.h for the error codes.
2017-05-17 11:16:32.767 plugin-container[6645:1509907] void __CFPasteboardSetup() : Failed to allocate communication port for com.apple.CFPasteboardClient; this is likely due to sandbox restrictions
1495045055007	Marionette	INFO	New connections will no longer be accepted
[GFX1-]: Receive IPC close with reason=AbnormalShutdown
2017-05-17 11:17:46.260 plugin-container[6678:1511194] *** CFMessagePort: bootstrap_register(): failed 1100 (0x44c) 'Permission denied', port = 0x8f3f, name = 'com.apple.tsm.portname'
See /usr/include/servers/bootstrap_defs.h for the error codes.
2017-05-17 11:17:46.263 plugin-container[6678:1511194] *** CFMessagePort: bootstrap_register(): failed 1100 (0x44c) 'Permission denied', port = 0x511b, name = 'com.apple.CFPasteboardClient'
See /usr/include/servers/bootstrap_defs.h for the error codes.
2017-05-17 11:17:46.263 plugin-container[6678:1511194] void __CFPasteboardSetup() : Failed to allocate communication port for com.apple.CFPasteboardClient; this is likely due to sandbox restrictions
1495045206287	geckodriver	INFO	Listening on 127.0.0.1:53417
1495045207488	geckodriver::marionette	INFO	Starting browser /Applications/Firefox.app/Contents/MacOS/firefox-bin with args ["-marionette"]
1495045207993	addons.manager	DEBUG	Application has been upgraded
1495045208066	addons.manager	DEBUG	Loaded provider scope for resource://gre/modules/addons/XPIProvider.jsm: ["XPIProvider"]
1495045208069	addons.manager	DEBUG	Loaded provider scope for resource://gre/modules/LightweightThemeManager.jsm: ["LightweightThemeManager"]
1495045208075	addons.manager	DEBUG	Loaded provider scope for resource://gre/modules/addons/GMPProvider.jsm
1495045208077	addons.manager	DEBUG	Loaded provider scope for resource://gre/modules/addons/PluginProvider.jsm
1495045208078	addons.manager	DEBUG	Starting provider: XPIProvider
1495045208079	addons.xpi	DEBUG	startup
1495045208079	addons.xpi	INFO	Removing all system add-on upgrades.
1495045208080	addons.xpi	INFO	SystemAddonInstallLocation directory is missing
1495045208081	addons.xpi	INFO	Mapping aushelper@mozilla.org to /Applications/Firefox.app/Contents/Resources/browser/features/aushelper@mozilla.org.xpi
1495045208081	addons.xpi	INFO	Mapping e10srollout@mozilla.org to /Applications/Firefox.app/Contents/Resources/browser/features/e10srollout@mozilla.org.xpi
1495045208082	addons.xpi	INFO	Mapping firefox@getpocket.com to /Applications/Firefox.app/Contents/Resources/browser/features/firefox@getpocket.com.xpi
1495045208082	addons.xpi	INFO	Mapping webcompat@mozilla.org to /Applications/Firefox.app/Contents/Resources/browser/features/webcompat@mozilla.org.xpi
1495045208082	addons.xpi	INFO	Mapping {972ce4c6-7e08-4474-a285-3208198ce6fd} to /Applications/Firefox.app/Contents/Resources/browser/extensions/{972ce4c6-7e08-4474-a285-3208198ce6fd}.xpi
1495045208083	addons.xpi	DEBUG	checkForChanges
1495045208083	addons.xpi	INFO	SystemAddonInstallLocation directory is missing
1495045208084	addons.xpi	DEBUG	Loaded add-on state from prefs: {}
1495045208085	addons.xpi	DEBUG	New add-on aushelper@mozilla.org in app-system-defaults
1495045208086	addons.xpi	DEBUG	getModTime: Recursive scan of aushelper@mozilla.org
1495045208087	addons.xpi	DEBUG	New add-on e10srollout@mozilla.org in app-system-defaults
1495045208087	addons.xpi	DEBUG	getModTime: Recursive scan of e10srollout@mozilla.org
1495045208089	addons.xpi	DEBUG	New add-on firefox@getpocket.com in app-system-defaults
1495045208089	addons.xpi	DEBUG	getModTime: Recursive scan of firefox@getpocket.com
1495045208090	addons.xpi	DEBUG	New add-on webcompat@mozilla.org in app-system-defaults
1495045208090	addons.xpi	DEBUG	getModTime: Recursive scan of webcompat@mozilla.org
1495045208091	addons.xpi	DEBUG	New add-on {972ce4c6-7e08-4474-a285-3208198ce6fd} in app-global
1495045208091	addons.xpi	DEBUG	getModTime: Recursive scan of {972ce4c6-7e08-4474-a285-3208198ce6fd}
1495045208092	addons.xpi	DEBUG	getInstallState changed: true, state: {"app-system-defaults":{"aushelper@mozilla.org":{"d":"/Applications/Firefox.app/Contents/Resources/browser/features/aushelper@mozilla.org.xpi","st":1494315369000},"e10srollout@mozilla.org":{"d":"/Applications/Firefox.app/Contents/Resources/browser/features/e10srollout@mozilla.org.xpi","st":1494315369000},"firefox@getpocket.com":{"d":"/Applications/Firefox.app/Contents/Resources/browser/features/firefox@getpocket.com.xpi","st":1494315369000},"webcompat@mozilla.org":{"d":"/Applications/Firefox.app/Contents/Resources/browser/features/webcompat@mozilla.org.xpi","st":1494315369000}},"app-global":{"{972ce4c6-7e08-4474-a285-3208198ce6fd}":{"d":"/Applications/Firefox.app/Contents/Resources/browser/extensions/{972ce4c6-7e08-4474-a285-3208198ce6fd}.xpi","st":1494315369000}}}
1495045208101	addons.xpi-utils	DEBUG	Opening XPI database /var/folders/20/xnrjr_gd6j3c3ww2jwl2wbk40000gn/T/rust_mozprofile.4AsydJWjqL3T/extensions.json
1495045208102	addons.xpi-utils	DEBUG	New add-on aushelper@mozilla.org installed in app-system-defaults
*** Blocklist::_loadBlocklistFromFile: blocklist is disabled
1495045208136	DeferredSave.extensions.json	DEBUG	Save changes
1495045208137	addons.xpi-utils	DEBUG	New add-on e10srollout@mozilla.org installed in app-system-defaults
1495045208150	DeferredSave.extensions.json	DEBUG	Starting timer
1495045208152	DeferredSave.extensions.json	DEBUG	Save changes
1495045208153	addons.xpi-utils	DEBUG	New add-on firefox@getpocket.com installed in app-system-defaults
1495045208160	DeferredSave.extensions.json	DEBUG	Save changes
1495045208160	addons.xpi-utils	DEBUG	New add-on webcompat@mozilla.org installed in app-system-defaults
1495045208174	DeferredSave.extensions.json	DEBUG	Save changes
1495045208175	addons.xpi-utils	DEBUG	New add-on {972ce4c6-7e08-4474-a285-3208198ce6fd} installed in app-global
1495045208184	DeferredSave.extensions.json	DEBUG	Save changes
1495045208185	addons.manager	DEBUG	Registering startup change 'installed' for aushelper@mozilla.org
1495045208194	addons.xpi	DEBUG	Loading bootstrap scope from /Applications/Firefox.app/Contents/Resources/browser/features/aushelper@mozilla.org.xpi
1495045208199	addons.xpi	DEBUG	Calling bootstrap method install on aushelper@mozilla.org version 2.0
1495045208199	addons.xpi-utils	DEBUG	Make addon app-system-defaults:aushelper@mozilla.org visible
1495045208199	DeferredSave.extensions.json	DEBUG	Save changes
1495045208201	addons.manager	DEBUG	Registering startup change 'installed' for e10srollout@mozilla.org
1495045208201	addons.xpi	DEBUG	Loading bootstrap scope from /Applications/Firefox.app/Contents/Resources/browser/features/e10srollout@mozilla.org.xpi
1495045208204	addons.xpi	DEBUG	Calling bootstrap method install on e10srollout@mozilla.org version 1.14
1495045208205	addons.xpi-utils	DEBUG	Make addon app-system-defaults:e10srollout@mozilla.org visible
1495045208205	DeferredSave.extensions.json	DEBUG	Save changes
1495045208206	addons.manager	DEBUG	Registering startup change 'installed' for firefox@getpocket.com
1495045208207	addons.xpi	DEBUG	Loading bootstrap scope from /Applications/Firefox.app/Contents/Resources/browser/features/firefox@getpocket.com.xpi
1495045208211	addons.xpi	DEBUG	Calling bootstrap method install on firefox@getpocket.com version 1.0.5
1495045208211	addons.xpi-utils	DEBUG	Make addon app-system-defaults:firefox@getpocket.com visible
1495045208211	DeferredSave.extensions.json	DEBUG	Save changes
1495045208211	addons.manager	DEBUG	Registering startup change 'installed' for webcompat@mozilla.org
1495045208212	addons.xpi	DEBUG	Loading bootstrap scope from /Applications/Firefox.app/Contents/Resources/browser/features/webcompat@mozilla.org.xpi
1495045208214	addons.xpi	DEBUG	Calling bootstrap method install on webcompat@mozilla.org version 1.0
1495045208214	addons.xpi-utils	DEBUG	Make addon app-system-defaults:webcompat@mozilla.org visible
1495045208214	DeferredSave.extensions.json	DEBUG	Save changes
1495045208215	addons.xpi-utils	DEBUG	Make addon app-global:{972ce4c6-7e08-4474-a285-3208198ce6fd} visible
1495045208215	DeferredSave.extensions.json	DEBUG	Save changes
1495045208215	addons.xpi	DEBUG	Updating XPIState for {"id":"aushelper@mozilla.org","syncGUID":"{1f7de9dd-a4a0-b846-bece-8c4b17ed5f55}","location":"app-system-defaults","version":"2.0","type":"extension","internalName":null,"updateURL":null,"updateKey":null,"optionsURL":null,"optionsType":null,"aboutURL":null,"icons":{},"iconURL":null,"icon64URL":null,"defaultLocale":{"name":"Application Update Service Helper","description":"Sets value(s) in the update url based on custom checks.","creator":null,"homepageURL":null},"visible":true,"active":true,"userDisabled":false,"appDisabled":false,"descriptor":"/Applications/Firefox.app/Contents/Resources/browser/features/aushelper@mozilla.org.xpi","installDate":1494315369000,"updateDate":1494315369000,"applyBackgroundUpdates":1,"bootstrap":true,"skinnable":false,"size":8488,"sourceURI":null,"releaseNotesURI":null,"softDisabled":false,"foreignInstall":false,"hasBinaryComponents":false,"strictCompatibility":false,"locales":[],"targetApplications":[{"id":"{ec8030f7-c20a-464f-9b0e-13a3a9e97384}","minVersion":"53.0.2","maxVersion":"53.*"}],"targetPlatforms":[],"multiprocessCompatible":true,"seen":true,"dependencies":[],"hasEmbeddedWebExtension":false,"mpcOptedOut":false,"userPermissions":null}
1495045208215	addons.xpi	DEBUG	getModTime: Recursive scan of aushelper@mozilla.org
1495045208216	addons.xpi	DEBUG	Updating XPIState for {"id":"e10srollout@mozilla.org","syncGUID":"{d58d2980-896b-ca4f-a59a-7e639d04fccb}","location":"app-system-defaults","version":"1.14","type":"extension","internalName":null,"updateURL":null,"updateKey":null,"optionsURL":null,"optionsType":null,"aboutURL":null,"icons":{},"iconURL":null,"icon64URL":null,"defaultLocale":{"name":"Multi-process staged rollout","description":"Staged rollout of Firefox multi-process feature.","creator":null,"homepageURL":null},"visible":true,"active":true,"userDisabled":false,"appDisabled":false,"descriptor":"/Applications/Firefox.app/Contents/Resources/browser/features/e10srollout@mozilla.org.xpi","installDate":1494315369000,"updateDate":1494315369000,"applyBackgroundUpdates":1,"bootstrap":true,"skinnable":false,"size":8478,"sourceURI":null,"releaseNotesURI":null,"softDisabled":false,"foreignInstall":false,"hasBinaryComponents":false,"strictCompatibility":false,"locales":[],"targetApplications":[{"id":"{ec8030f7-c20a-464f-9b0e-13a3a9e97384}","minVersion":"53.0.2","maxVersion":"53.*"}],"targetPlatforms":[],"multiprocessCompatible":true,"seen":true,"dependencies":[],"hasEmbeddedWebExtension":false,"mpcOptedOut":false,"userPermissions":null}
1495045208216	addons.xpi	DEBUG	getModTime: Recursive scan of e10srollout@mozilla.org
1495045208216	addons.xpi	DEBUG	Updating XPIState for {"id":"firefox@getpocket.com","syncGUID":"{c8b3fd38-d1e6-be44-bf48-7ed0e96a0589}","location":"app-system-defaults","version":"1.0.5","type":"extension","internalName":null,"updateURL":null,"updateKey":null,"optionsURL":null,"optionsType":null,"aboutURL":null,"icons":{},"iconURL":null,"icon64URL":null,"defaultLocale":{"name":"Pocket","description":"When you find something you want to view later, put it in Pocket.","creator":null,"homepageURL":null},"visible":true,"active":true,"userDisabled":false,"appDisabled":false,"descriptor":"/Applications/Firefox.app/Contents/Resources/browser/features/firefox@getpocket.com.xpi","installDate":1494315369000,"updateDate":1494315369000,"applyBackgroundUpdates":1,"bootstrap":true,"skinnable":false,"size":913565,"sourceURI":null,"releaseNotesURI":null,"softDisabled":false,"foreignInstall":false,"hasBinaryComponents":false,"strictCompatibility":false,"locales":[],"targetApplications":[{"id":"{ec8030f7-c20a-464f-9b0e-13a3a9e97384}","minVersion":"53.0.2","maxVersion":"53.*"}],"targetPlatforms":[],"multiprocessCompatible":true,"seen":true,"dependencies":[],"hasEmbeddedWebExtension":false,"mpcOptedOut":false,"userPermissions":null}
1495045208216	addons.xpi	DEBUG	getModTime: Recursive scan of firefox@getpocket.com
1495045208217	addons.xpi	DEBUG	Updating XPIState for {"id":"webcompat@mozilla.org","syncGUID":"{e851ac2a-abe7-724c-b134-b53ca61b9b19}","location":"app-system-defaults","version":"1.0","type":"extension","internalName":null,"updateURL":null,"updateKey":null,"optionsURL":null,"optionsType":null,"aboutURL":null,"icons":{},"iconURL":null,"icon64URL":null,"defaultLocale":{"name":"Web Compat","description":"Urgent post-release fixes for web compatibility.","creator":null,"homepageURL":null},"visible":true,"active":true,"userDisabled":false,"appDisabled":false,"descriptor":"/Applications/Firefox.app/Contents/Resources/browser/features/webcompat@mozilla.org.xpi","installDate":1494315369000,"updateDate":1494315369000,"applyBackgroundUpdates":1,"bootstrap":true,"skinnable":false,"size":1456,"sourceURI":null,"releaseNotesURI":null,"softDisabled":false,"foreignInstall":false,"hasBinaryComponents":false,"strictCompatibility":false,"locales":[],"targetApplications":[{"id":"{ec8030f7-c20a-464f-9b0e-13a3a9e97384}","minVersion":"53.0.2","maxVersion":"53.*"}],"targetPlatforms":[],"multiprocessCompatible":true,"seen":true,"dependencies":[],"hasEmbeddedWebExtension":false,"mpcOptedOut":false,"userPermissions":null}
1495045208218	addons.xpi	DEBUG	getModTime: Recursive scan of webcompat@mozilla.org
1495045208218	addons.xpi	DEBUG	Updating XPIState for {"id":"{972ce4c6-7e08-4474-a285-3208198ce6fd}","syncGUID":"{f65ca9ab-c72b-794a-b3a1-d95a445f9483}","location":"app-global","version":"53.0.2","type":"theme","internalName":"classic/1.0","updateURL":null,"updateKey":null,"optionsURL":null,"optionsType":null,"aboutURL":null,"icons":{},"iconURL":"chrome://browser/content/default-theme-icon.svg","icon64URL":null,"defaultLocale":{"name":"Default","description":"The default theme.","creator":"Mozilla","homepageURL":null,"contributors":["Mozilla Contributors"]},"visible":true,"active":true,"userDisabled":false,"appDisabled":false,"descriptor":"/Applications/Firefox.app/Contents/Resources/browser/extensions/{972ce4c6-7e08-4474-a285-3208198ce6fd}.xpi","installDate":1494315369000,"updateDate":1494315369000,"applyBackgroundUpdates":1,"skinnable":true,"size":4338,"sourceURI":null,"releaseNotesURI":null,"softDisabled":false,"foreignInstall":false,"hasBinaryComponents":false,"strictCompatibility":true,"locales":[],"targetApplications":[{"id":"{ec8030f7-c20a-464f-9b0e-13a3a9e97384}","minVersion":"53.0.2","maxVersion":"53.0.2"}],"targetPlatforms":[],"seen":true,"dependencies":[],"hasEmbeddedWebExtension":false,"userPermissions":null}
1495045208218	addons.xpi	DEBUG	getModTime: Recursive scan of {972ce4c6-7e08-4474-a285-3208198ce6fd}
1495045208220	DeferredSave.extensions.json	DEBUG	Save changes
1495045208220	addons.xpi	DEBUG	Updating database with changes to installed add-ons
1495045208220	addons.xpi-utils	DEBUG	Updating add-on states
1495045208222	addons.xpi-utils	DEBUG	Writing add-ons list
1495045208225	addons.xpi	DEBUG	Registering manifest for /Applications/Firefox.app/Contents/Resources/browser/features/aushelper@mozilla.org.xpi
1495045208225	addons.xpi	DEBUG	Calling bootstrap method startup on aushelper@mozilla.org version 2.0
1495045208226	addons.xpi	DEBUG	Registering manifest for /Applications/Firefox.app/Contents/Resources/browser/features/e10srollout@mozilla.org.xpi
1495045208227	addons.xpi	DEBUG	Calling bootstrap method startup on e10srollout@mozilla.org version 1.14
1495045208227	addons.xpi	DEBUG	Registering manifest for /Applications/Firefox.app/Contents/Resources/browser/features/firefox@getpocket.com.xpi
1495045208228	addons.xpi	DEBUG	Calling bootstrap method startup on firefox@getpocket.com version 1.0.5
1495045208229	addons.xpi	DEBUG	Registering manifest for /Applications/Firefox.app/Contents/Resources/browser/features/webcompat@mozilla.org.xpi
1495045208230	addons.xpi	DEBUG	Calling bootstrap method startup on webcompat@mozilla.org version 1.0
1495045208232	addons.manager	DEBUG	Registering shutdown blocker for XPIProvider
1495045208233	addons.manager	DEBUG	Provider finished startup: XPIProvider
1495045208233	addons.manager	DEBUG	Starting provider: LightweightThemeManager
1495045208233	addons.manager	DEBUG	Registering shutdown blocker for LightweightThemeManager
1495045208233	addons.manager	DEBUG	Provider finished startup: LightweightThemeManager
1495045208234	addons.manager	DEBUG	Starting provider: GMPProvider
1495045208239	addons.manager	DEBUG	Registering shutdown blocker for GMPProvider
1495045208239	addons.manager	DEBUG	Provider finished startup: GMPProvider
1495045208239	addons.manager	DEBUG	Starting provider: PluginProvider
1495045208239	addons.manager	DEBUG	Registering shutdown blocker for PluginProvider
1495045208240	addons.manager	DEBUG	Provider finished startup: PluginProvider
1495045208240	addons.manager	DEBUG	Completed startup sequence
1495045208701	addons.manager	DEBUG	Starting provider: <unnamed-provider>
1495045208701	addons.manager	DEBUG	Registering shutdown blocker for <unnamed-provider>
1495045208701	addons.manager	DEBUG	Provider finished startup: <unnamed-provider>
1495045209351	addons.manager	DEBUG	Starting provider: PreviousExperimentProvider
1495045209352	addons.manager	DEBUG	Registering shutdown blocker for PreviousExperimentProvider
1495045209352	addons.manager	DEBUG	Provider finished startup: PreviousExperimentProvider
1495045209357	DeferredSave.extensions.json	DEBUG	Starting write
1495045209514	DeferredSave.extensions.json	DEBUG	Write succeeded
1495045209515	addons.xpi-utils	DEBUG	XPI Database saved, setting schema version preference to 19
1495045210850	Marionette	INFO	Listening on port 53430
1495045210920	Marionette	WARN	TLS certificate errors will be ignored for this session
2017-05-17 11:20:11.444 plugin-container[6749:1512495] *** CFMessagePort: bootstrap_register(): failed 1100 (0x44c) 'Permission denied', port = 0x8c3f, name = 'com.apple.tsm.portname'
See /usr/include/servers/bootstrap_defs.h for the error codes.
2017-05-17 11:20:11.447 plugin-container[6749:1512495] *** CFMessagePort: bootstrap_register(): failed 1100 (0x44c) 'Permission denied', port = 0x500f, name = 'com.apple.CFPasteboardClient'
See /usr/include/servers/bootstrap_defs.h for the error codes.
2017-05-17 11:20:11.447 plugin-container[6749:1512495] void __CFPasteboardSetup() : Failed to allocate communication port for com.apple.CFPasteboardClient; this is likely due to sandbox restrictions
1495045254156	Marionette	INFO	New connections will no longer be accepted
1495045260868	geckodriver	INFO	Listening on 127.0.0.1:53623
1495045262041	geckodriver::marionette	INFO	Starting browser /Applications/Firefox.app/Contents/MacOS/firefox-bin with args ["-marionette"]
1495045262857	addons.manager	DEBUG	Application has been upgraded
1495045262922	addons.manager	DEBUG	Loaded provider scope for resource://gre/modules/addons/XPIProvider.jsm: ["XPIProvider"]
1495045262925	addons.manager	DEBUG	Loaded provider scope for resource://gre/modules/LightweightThemeManager.jsm: ["LightweightThemeManager"]
1495045262930	addons.manager	DEBUG	Loaded provider scope for resource://gre/modules/addons/GMPProvider.jsm
1495045262932	addons.manager	DEBUG	Loaded provider scope for resource://gre/modules/addons/PluginProvider.jsm
1495045262933	addons.manager	DEBUG	Starting provider: XPIProvider
1495045262934	addons.xpi	DEBUG	startup
1495045262934	addons.xpi	INFO	Removing all system add-on upgrades.
1495045262934	addons.xpi	INFO	SystemAddonInstallLocation directory is missing
1495045262936	addons.xpi	INFO	Mapping aushelper@mozilla.org to /Applications/Firefox.app/Contents/Resources/browser/features/aushelper@mozilla.org.xpi
1495045262936	addons.xpi	INFO	Mapping e10srollout@mozilla.org to /Applications/Firefox.app/Contents/Resources/browser/features/e10srollout@mozilla.org.xpi
1495045262936	addons.xpi	INFO	Mapping firefox@getpocket.com to /Applications/Firefox.app/Contents/Resources/browser/features/firefox@getpocket.com.xpi
1495045262937	addons.xpi	INFO	Mapping webcompat@mozilla.org to /Applications/Firefox.app/Contents/Resources/browser/features/webcompat@mozilla.org.xpi
1495045262937	addons.xpi	INFO	Mapping {972ce4c6-7e08-4474-a285-3208198ce6fd} to /Applications/Firefox.app/Contents/Resources/browser/extensions/{972ce4c6-7e08-4474-a285-3208198ce6fd}.xpi
1495045262938	addons.xpi	DEBUG	checkForChanges
1495045262938	addons.xpi	INFO	SystemAddonInstallLocation directory is missing
1495045262939	addons.xpi	DEBUG	Loaded add-on state from prefs: {}
1495045262940	addons.xpi	DEBUG	New add-on aushelper@mozilla.org in app-system-defaults
1495045262941	addons.xpi	DEBUG	getModTime: Recursive scan of aushelper@mozilla.org
1495045262941	addons.xpi	DEBUG	New add-on e10srollout@mozilla.org in app-system-defaults
1495045262942	addons.xpi	DEBUG	getModTime: Recursive scan of e10srollout@mozilla.org
1495045262942	addons.xpi	DEBUG	New add-on firefox@getpocket.com in app-system-defaults
1495045262943	addons.xpi	DEBUG	getModTime: Recursive scan of firefox@getpocket.com
1495045262943	addons.xpi	DEBUG	New add-on webcompat@mozilla.org in app-system-defaults
1495045262944	addons.xpi	DEBUG	getModTime: Recursive scan of webcompat@mozilla.org
1495045262944	addons.xpi	DEBUG	New add-on {972ce4c6-7e08-4474-a285-3208198ce6fd} in app-global
1495045262945	addons.xpi	DEBUG	getModTime: Recursive scan of {972ce4c6-7e08-4474-a285-3208198ce6fd}
1495045262946	addons.xpi	DEBUG	getInstallState changed: true, state: {"app-system-defaults":{"aushelper@mozilla.org":{"d":"/Applications/Firefox.app/Contents/Resources/browser/features/aushelper@mozilla.org.xpi","st":1494315369000},"e10srollout@mozilla.org":{"d":"/Applications/Firefox.app/Contents/Resources/browser/features/e10srollout@mozilla.org.xpi","st":1494315369000},"firefox@getpocket.com":{"d":"/Applications/Firefox.app/Contents/Resources/browser/features/firefox@getpocket.com.xpi","st":1494315369000},"webcompat@mozilla.org":{"d":"/Applications/Firefox.app/Contents/Resources/browser/features/webcompat@mozilla.org.xpi","st":1494315369000}},"app-global":{"{972ce4c6-7e08-4474-a285-3208198ce6fd}":{"d":"/Applications/Firefox.app/Contents/Resources/browser/extensions/{972ce4c6-7e08-4474-a285-3208198ce6fd}.xpi","st":1494315369000}}}
1495045262957	addons.xpi-utils	DEBUG	Opening XPI database /var/folders/20/xnrjr_gd6j3c3ww2jwl2wbk40000gn/T/rust_mozprofile.d8F5eELNgUAI/extensions.json
1495045262959	addons.xpi-utils	DEBUG	New add-on aushelper@mozilla.org installed in app-system-defaults
*** Blocklist::_loadBlocklistFromFile: blocklist is disabled
1495045262985	DeferredSave.extensions.json	DEBUG	Save changes
1495045262986	addons.xpi-utils	DEBUG	New add-on e10srollout@mozilla.org installed in app-system-defaults
1495045262997	DeferredSave.extensions.json	DEBUG	Starting timer
1495045263000	DeferredSave.extensions.json	DEBUG	Save changes
1495045263000	addons.xpi-utils	DEBUG	New add-on firefox@getpocket.com installed in app-system-defaults
1495045263009	DeferredSave.extensions.json	DEBUG	Save changes
1495045263009	addons.xpi-utils	DEBUG	New add-on webcompat@mozilla.org installed in app-system-defaults
1495045263022	DeferredSave.extensions.json	DEBUG	Save changes
1495045263024	addons.xpi-utils	DEBUG	New add-on {972ce4c6-7e08-4474-a285-3208198ce6fd} installed in app-global
1495045263090	DeferredSave.extensions.json	DEBUG	Save changes
1495045263091	addons.manager	DEBUG	Registering startup change 'installed' for aushelper@mozilla.org
1495045263100	addons.xpi	DEBUG	Loading bootstrap scope from /Applications/Firefox.app/Contents/Resources/browser/features/aushelper@mozilla.org.xpi
1495045263106	addons.xpi	DEBUG	Calling bootstrap method install on aushelper@mozilla.org version 2.0
1495045263106	addons.xpi-utils	DEBUG	Make addon app-system-defaults:aushelper@mozilla.org visible
1495045263106	DeferredSave.extensions.json	DEBUG	Save changes
1495045263108	addons.manager	DEBUG	Registering startup change 'installed' for e10srollout@mozilla.org
1495045263108	addons.xpi	DEBUG	Loading bootstrap scope from /Applications/Firefox.app/Contents/Resources/browser/features/e10srollout@mozilla.org.xpi
1495045263110	addons.xpi	DEBUG	Calling bootstrap method install on e10srollout@mozilla.org version 1.14
1495045263111	addons.xpi-utils	DEBUG	Make addon app-system-defaults:e10srollout@mozilla.org visible
1495045263113	DeferredSave.extensions.json	DEBUG	Save changes
1495045263114	addons.manager	DEBUG	Registering startup change 'installed' for firefox@getpocket.com
1495045263115	addons.xpi	DEBUG	Loading bootstrap scope from /Applications/Firefox.app/Contents/Resources/browser/features/firefox@getpocket.com.xpi
1495045263119	addons.xpi	DEBUG	Calling bootstrap method install on firefox@getpocket.com version 1.0.5
1495045263119	addons.xpi-utils	DEBUG	Make addon app-system-defaults:firefox@getpocket.com visible
1495045263119	DeferredSave.extensions.json	DEBUG	Save changes
1495045263120	addons.manager	DEBUG	Registering startup change 'installed' for webcompat@mozilla.org
1495045263121	addons.xpi	DEBUG	Loading bootstrap scope from /Applications/Firefox.app/Contents/Resources/browser/features/webcompat@mozilla.org.xpi
1495045263123	addons.xpi	DEBUG	Calling bootstrap method install on webcompat@mozilla.org version 1.0
1495045263123	addons.xpi-utils	DEBUG	Make addon app-system-defaults:webcompat@mozilla.org visible
1495045263123	DeferredSave.extensions.json	DEBUG	Save changes
1495045263124	addons.xpi-utils	DEBUG	Make addon app-global:{972ce4c6-7e08-4474-a285-3208198ce6fd} visible
1495045263124	DeferredSave.extensions.json	DEBUG	Save changes
1495045263124	addons.xpi	DEBUG	Updating XPIState for {"id":"aushelper@mozilla.org","syncGUID":"{0fec8266-8577-bd4d-9fd7-d7f687611920}","location":"app-system-defaults","version":"2.0","type":"extension","internalName":null,"updateURL":null,"updateKey":null,"optionsURL":null,"optionsType":null,"aboutURL":null,"icons":{},"iconURL":null,"icon64URL":null,"defaultLocale":{"name":"Application Update Service Helper","description":"Sets value(s) in the update url based on custom checks.","creator":null,"homepageURL":null},"visible":true,"active":true,"userDisabled":false,"appDisabled":false,"descriptor":"/Applications/Firefox.app/Contents/Resources/browser/features/aushelper@mozilla.org.xpi","installDate":1494315369000,"updateDate":1494315369000,"applyBackgroundUpdates":1,"bootstrap":true,"skinnable":false,"size":8488,"sourceURI":null,"releaseNotesURI":null,"softDisabled":false,"foreignInstall":false,"hasBinaryComponents":false,"strictCompatibility":false,"locales":[],"targetApplications":[{"id":"{ec8030f7-c20a-464f-9b0e-13a3a9e97384}","minVersion":"53.0.2","maxVersion":"53.*"}],"targetPlatforms":[],"multiprocessCompatible":true,"seen":true,"dependencies":[],"hasEmbeddedWebExtension":false,"mpcOptedOut":false,"userPermissions":null}
1495045263124	addons.xpi	DEBUG	getModTime: Recursive scan of aushelper@mozilla.org
1495045263125	addons.xpi	DEBUG	Updating XPIState for {"id":"e10srollout@mozilla.org","syncGUID":"{3e885545-fa19-db4e-8993-585f6aa1f4e8}","location":"app-system-defaults","version":"1.14","type":"extension","internalName":null,"updateURL":null,"updateKey":null,"optionsURL":null,"optionsType":null,"aboutURL":null,"icons":{},"iconURL":null,"icon64URL":null,"defaultLocale":{"name":"Multi-process staged rollout","description":"Staged rollout of Firefox multi-process feature.","creator":null,"homepageURL":null},"visible":true,"active":true,"userDisabled":false,"appDisabled":false,"descriptor":"/Applications/Firefox.app/Contents/Resources/browser/features/e10srollout@mozilla.org.xpi","installDate":1494315369000,"updateDate":1494315369000,"applyBackgroundUpdates":1,"bootstrap":true,"skinnable":false,"size":8478,"sourceURI":null,"releaseNotesURI":null,"softDisabled":false,"foreignInstall":false,"hasBinaryComponents":false,"strictCompatibility":false,"locales":[],"targetApplications":[{"id":"{ec8030f7-c20a-464f-9b0e-13a3a9e97384}","minVersion":"53.0.2","maxVersion":"53.*"}],"targetPlatforms":[],"multiprocessCompatible":true,"seen":true,"dependencies":[],"hasEmbeddedWebExtension":false,"mpcOptedOut":false,"userPermissions":null}
1495045263125	addons.xpi	DEBUG	getModTime: Recursive scan of e10srollout@mozilla.org
1495045263126	addons.xpi	DEBUG	Updating XPIState for {"id":"firefox@getpocket.com","syncGUID":"{c2d4bd8a-3a21-eb41-9797-d6a6526aae0f}","location":"app-system-defaults","version":"1.0.5","type":"extension","internalName":null,"updateURL":null,"updateKey":null,"optionsURL":null,"optionsType":null,"aboutURL":null,"icons":{},"iconURL":null,"icon64URL":null,"defaultLocale":{"name":"Pocket","description":"When you find something you want to view later, put it in Pocket.","creator":null,"homepageURL":null},"visible":true,"active":true,"userDisabled":false,"appDisabled":false,"descriptor":"/Applications/Firefox.app/Contents/Resources/browser/features/firefox@getpocket.com.xpi","installDate":1494315369000,"updateDate":1494315369000,"applyBackgroundUpdates":1,"bootstrap":true,"skinnable":false,"size":913565,"sourceURI":null,"releaseNotesURI":null,"softDisabled":false,"foreignInstall":false,"hasBinaryComponents":false,"strictCompatibility":false,"locales":[],"targetApplications":[{"id":"{ec8030f7-c20a-464f-9b0e-13a3a9e97384}","minVersion":"53.0.2","maxVersion":"53.*"}],"targetPlatforms":[],"multiprocessCompatible":true,"seen":true,"dependencies":[],"hasEmbeddedWebExtension":false,"mpcOptedOut":false,"userPermissions":null}
1495045263126	addons.xpi	DEBUG	getModTime: Recursive scan of firefox@getpocket.com
1495045263127	addons.xpi	DEBUG	Updating XPIState for {"id":"webcompat@mozilla.org","syncGUID":"{a960dc30-77df-3640-b9df-4035ccfaa29e}","location":"app-system-defaults","version":"1.0","type":"extension","internalName":null,"updateURL":null,"updateKey":null,"optionsURL":null,"optionsType":null,"aboutURL":null,"icons":{},"iconURL":null,"icon64URL":null,"defaultLocale":{"name":"Web Compat","description":"Urgent post-release fixes for web compatibility.","creator":null,"homepageURL":null},"visible":true,"active":true,"userDisabled":false,"appDisabled":false,"descriptor":"/Applications/Firefox.app/Contents/Resources/browser/features/webcompat@mozilla.org.xpi","installDate":1494315369000,"updateDate":1494315369000,"applyBackgroundUpdates":1,"bootstrap":true,"skinnable":false,"size":1456,"sourceURI":null,"releaseNotesURI":null,"softDisabled":false,"foreignInstall":false,"hasBinaryComponents":false,"strictCompatibility":false,"locales":[],"targetApplications":[{"id":"{ec8030f7-c20a-464f-9b0e-13a3a9e97384}","minVersion":"53.0.2","maxVersion":"53.*"}],"targetPlatforms":[],"multiprocessCompatible":true,"seen":true,"dependencies":[],"hasEmbeddedWebExtension":false,"mpcOptedOut":false,"userPermissions":null}
1495045263127	addons.xpi	DEBUG	getModTime: Recursive scan of webcompat@mozilla.org
1495045263127	addons.xpi	DEBUG	Updating XPIState for {"id":"{972ce4c6-7e08-4474-a285-3208198ce6fd}","syncGUID":"{c524a524-1baa-c74b-927f-c57a2b42c15d}","location":"app-global","version":"53.0.2","type":"theme","internalName":"classic/1.0","updateURL":null,"updateKey":null,"optionsURL":null,"optionsType":null,"aboutURL":null,"icons":{},"iconURL":"chrome://browser/content/default-theme-icon.svg","icon64URL":null,"defaultLocale":{"name":"Default","description":"The default theme.","creator":"Mozilla","homepageURL":null,"contributors":["Mozilla Contributors"]},"visible":true,"active":true,"userDisabled":false,"appDisabled":false,"descriptor":"/Applications/Firefox.app/Contents/Resources/browser/extensions/{972ce4c6-7e08-4474-a285-3208198ce6fd}.xpi","installDate":1494315369000,"updateDate":1494315369000,"applyBackgroundUpdates":1,"skinnable":true,"size":4338,"sourceURI":null,"releaseNotesURI":null,"softDisabled":false,"foreignInstall":false,"hasBinaryComponents":false,"strictCompatibility":true,"locales":[],"targetApplications":[{"id":"{ec8030f7-c20a-464f-9b0e-13a3a9e97384}","minVersion":"53.0.2","maxVersion":"53.0.2"}],"targetPlatforms":[],"seen":true,"dependencies":[],"hasEmbeddedWebExtension":false,"userPermissions":null}
1495045263128	addons.xpi	DEBUG	getModTime: Recursive scan of {972ce4c6-7e08-4474-a285-3208198ce6fd}
1495045263129	DeferredSave.extensions.json	DEBUG	Save changes
1495045263129	addons.xpi	DEBUG	Updating database with changes to installed add-ons
1495045263129	addons.xpi-utils	DEBUG	Updating add-on states
1495045263130	addons.xpi-utils	DEBUG	Writing add-ons list
1495045263132	addons.xpi	DEBUG	Registering manifest for /Applications/Firefox.app/Contents/Resources/browser/features/aushelper@mozilla.org.xpi
1495045263132	addons.xpi	DEBUG	Calling bootstrap method startup on aushelper@mozilla.org version 2.0
1495045263133	addons.xpi	DEBUG	Registering manifest for /Applications/Firefox.app/Contents/Resources/browser/features/e10srollout@mozilla.org.xpi
1495045263134	addons.xpi	DEBUG	Calling bootstrap method startup on e10srollout@mozilla.org version 1.14
1495045263134	addons.xpi	DEBUG	Registering manifest for /Applications/Firefox.app/Contents/Resources/browser/features/firefox@getpocket.com.xpi
1495045263135	addons.xpi	DEBUG	Calling bootstrap method startup on firefox@getpocket.com version 1.0.5
1495045263137	addons.xpi	DEBUG	Registering manifest for /Applications/Firefox.app/Contents/Resources/browser/features/webcompat@mozilla.org.xpi
1495045263137	addons.xpi	DEBUG	Calling bootstrap method startup on webcompat@mozilla.org version 1.0
1495045263141	addons.manager	DEBUG	Registering shutdown blocker for XPIProvider
1495045263142	addons.manager	DEBUG	Provider finished startup: XPIProvider
1495045263142	addons.manager	DEBUG	Starting provider: LightweightThemeManager
1495045263142	addons.manager	DEBUG	Registering shutdown blocker for LightweightThemeManager
1495045263142	addons.manager	DEBUG	Provider finished startup: LightweightThemeManager
1495045263143	addons.manager	DEBUG	Starting provider: GMPProvider
1495045263148	addons.manager	DEBUG	Registering shutdown blocker for GMPProvider
1495045263148	addons.manager	DEBUG	Provider finished startup: GMPProvider
1495045263148	addons.manager	DEBUG	Starting provider: PluginProvider
1495045263148	addons.manager	DEBUG	Registering shutdown blocker for PluginProvider
1495045263149	addons.manager	DEBUG	Provider finished startup: PluginProvider
1495045263149	addons.manager	DEBUG	Completed startup sequence
1495045264722	addons.manager	DEBUG	Starting provider: <unnamed-provider>
1495045264723	addons.manager	DEBUG	Registering shutdown blocker for <unnamed-provider>
1495045264723	addons.manager	DEBUG	Provider finished startup: <unnamed-provider>
1495045265842	addons.manager	DEBUG	Starting provider: PreviousExperimentProvider
1495045265842	addons.manager	DEBUG	Registering shutdown blocker for PreviousExperimentProvider
1495045265843	addons.manager	DEBUG	Provider finished startup: PreviousExperimentProvider
1495045265847	DeferredSave.extensions.json	DEBUG	Starting write
1495045266033	DeferredSave.extensions.json	DEBUG	Write succeeded
1495045266034	addons.xpi-utils	DEBUG	XPI Database saved, setting schema version preference to 19
1495045267383	Marionette	INFO	Listening on port 53636
1495045267466	Marionette	WARN	TLS certificate errors will be ignored for this session
2017-05-17 11:21:08.023 plugin-container[6781:1513736] *** CFMessagePort: bootstrap_register(): failed 1100 (0x44c) 'Permission denied', port = 0x903f, name = 'com.apple.tsm.portname'
See /usr/include/servers/bootstrap_defs.h for the error codes.
2017-05-17 11:21:08.023 plugin-container[6781:1513736] *** CFMessagePort: bootstrap_register(): failed 1100 (0x44c) 'Permission denied', port = 0x5217, name = 'com.apple.CFPasteboardClient'
See /usr/include/servers/bootstrap_defs.h for the error codes.
2017-05-17 11:21:08.023 plugin-container[6781:1513736] void __CFPasteboardSetup() : Failed to allocate communication port for com.apple.CFPasteboardClient; this is likely due to sandbox restrictions
1495045327134	addons.productaddons	INFO	sending request to: https://aus5.mozilla.org/update/3/GMP/53.0.2/20170504105526/Darwin_x86_64-gcc3/en-US/release/Darwin%2015.6.0/default/default/update.xml
1495045328165	addons.productaddons	INFO	Completed downloading document
1495045329618	addons.productaddons	INFO	downloadXHR File download. status=200
1495045329624	addons.productaddons	INFO	Downloaded file will be saved to /Users/Aaron/Library/Caches/TemporaryItems/tmpaddon
1495045332163	addons.productaddons	INFO	downloadXHR File download. status=200
1495045332167	addons.productaddons	INFO	Downloaded file will be saved to /Users/Aaron/Library/Caches/TemporaryItems/tmpaddon
1495045784368	addons.manager	INFO	Skipping background update check
1495046025899	DeferredSave.extensions.json	DEBUG	Save changes
1495046026011	DeferredSave.extensions.json	DEBUG	Starting timer
1495046026039	DeferredSave.extensions.json	DEBUG	Starting write
1495046026082	DeferredSave.extensions.json	DEBUG	Write succeeded
