2017-05-17 19:50:37,729 - __main__ - INFO - missed: http://www.manta.com/mb_53_A0_CKV/advertising_and_marketing/las_vegas_nv?pg=2
2017-05-17 20:32:27,514 - __main__ - INFO - missed: http://www.manta.com/mb_53_A0_CKV/advertising_and_marketing/las_vegas_nv?pg=37
2017-05-17 20:40:24,417 - __main__ - INFO - missed: http://www.manta.com/mb_53_C0_CKV/agriculture/las_vegas_nv?pg=2
2017-05-17 20:41:13,404 - __main__ - INFO - missed: http://www.manta.com/mb_53_C0_CKV/agriculture/las_vegas_nv?pg=3
2017-05-17 20:42:33,934 - __main__ - INFO - missed: http://www.manta.com/mb_53_C0_CKV/agriculture/las_vegas_nv?pg=4
2017-05-17 20:59:02,736 - __main__ - INFO - missed: http://www.manta.com/mb_53_C0_CKV/agriculture/las_vegas_nv?pg=2
2017-05-17 22:01:53,683 - __main__ - INFO - missed: http://www.manta.com/mb_53_C0_CKV/agriculture/las_vegas_nv?pg=2
2017-05-17 22:20:35,501 - __main__ - INFO - missed: http://www.manta.com/mb_53_B1_CKV/automotive_services/las_vegas_nv?pg=2
2017-05-17 22:24:36,612 - __main__ - INFO - missed: http://www.manta.com/mb_53_B1_CKV/automotive_services/las_vegas_nv?pg=3
2017-05-18 09:25:36,948 - __main__ - INFO - missed: http://www.manta.com/mb_53_B1_CKV/automotive_services/las_vegas_nv?pg=2
2017-05-18 10:04:16,893 - __main__ - INFO - missed: http://www.manta.com/mb_55_AA185000_CKV/business_services_nec/las_vegas_nv?pg=1
2017-05-18 15:22:06,685 - __main__ - INFO - missed: http://www.manta.com/mb_55_AA1851E0_CKV/design_services/las_vegas_nv?pg=2
2017-05-18 15:28:40,970 - __main__ - INFO - missed: http://www.manta.com/mb_55_AA1851E0_CKV/design_services/las_vegas_nv?pg=3
2017-05-18 15:31:02,409 - __main__ - INFO - missed: http://www.manta.com/mb_55_AA1851E0_CKV/design_services/las_vegas_nv?pg=4
2017-05-18 15:42:16,604 - __main__ - INFO - missed: http://www.manta.com/mb_55_AA1851E0_CKV/design_services/las_vegas_nv?pg=8
2017-05-18 15:47:01,651 - __main__ - INFO - missed: http://www.manta.com/mb_55_AA1851E0_CKV/design_services/las_vegas_nv?pg=10
2017-05-18 16:02:49,330 - __main__ - INFO - missed: http://www.manta.com/mb_55_AA18502S_CKV/personal_service_agents_brokers_and_bureaus/las_vegas_nv?pg=2
2017-05-18 16:05:55,337 - __main__ - INFO - missed: http://www.manta.com/mb_55_AA18502S_CKV/personal_service_agents_brokers_and_bureaus/las_vegas_nv?pg=4
2017-05-18 16:07:46,667 - __main__ - INFO - missed: http://www.manta.com/mb_55_AA18502S_CKV/personal_service_agents_brokers_and_bureaus/las_vegas_nv?pg=5
2017-05-18 16:10:10,566 - __main__ - INFO - missed: http://www.manta.com/mb_55_AA18502S_CKV/personal_service_agents_brokers_and_bureaus/las_vegas_nv?pg=6
2017-05-18 16:23:18,156 - __main__ - INFO - missed: http://www.manta.com/mb_55_AA1857PR_CKV/unclassified/las_vegas_nv?pg=4
2017-05-18 16:27:57,578 - __main__ - INFO - missed: http://www.manta.com/mb_55_AA1857PR_CKV/unclassified/las_vegas_nv?pg=4
2017-05-18 16:56:22,626 - __main__ - INFO - missed: http://www.manta.com/mb_55_AA1857PR_CKV/unclassified/las_vegas_nv?pg=5
2017-05-18 16:58:51,635 - __main__ - INFO - missed: http://www.manta.com/mb_55_AA1857PR_CKV/unclassified/las_vegas_nv?pg=6
2017-05-18 17:00:18,989 - __main__ - INFO - missed: http://www.manta.com/mb_55_AA1857PR_CKV/unclassified/las_vegas_nv?pg=7
2017-05-18 17:05:02,611 - __main__ - INFO - missed: http://www.manta.com/mb_55_AA1857PR_CKV/unclassified/las_vegas_nv?pg=10
2017-05-18 17:06:52,562 - __main__ - INFO - missed: http://www.manta.com/mb_55_AA1857PR_CKV/unclassified/las_vegas_nv?pg=11
2017-05-18 17:08:26,577 - __main__ - INFO - missed: http://www.manta.com/mb_55_AA1857PR_CKV/unclassified/las_vegas_nv?pg=12
2017-05-18 17:10:49,013 - __main__ - INFO - missed: http://www.manta.com/mb_55_AA1857PR_CKV/unclassified/las_vegas_nv?pg=13
2017-05-18 17:13:08,770 - __main__ - INFO - missed: http://www.manta.com/mb_55_AA1857PR_CKV/unclassified/las_vegas_nv?pg=14
2017-05-18 17:16:35,547 - __main__ - INFO - missed: http://www.manta.com/mb_55_AA1857PR_CKV/unclassified/las_vegas_nv?pg=16
2017-05-18 17:18:47,053 - __main__ - INFO - missed: http://www.manta.com/mb_55_AA1857PR_CKV/unclassified/las_vegas_nv?pg=17
2017-05-18 17:20:07,079 - __main__ - INFO - missed: http://www.manta.com/mb_55_AA1857PR_CKV/unclassified/las_vegas_nv?pg=18
2017-05-18 17:21:34,414 - __main__ - INFO - missed: http://www.manta.com/mb_55_AA1857PR_CKV/unclassified/las_vegas_nv?pg=19
2017-05-18 17:24:21,410 - __main__ - INFO - missed: http://www.manta.com/mb_55_AA1857PR_CKV/unclassified/las_vegas_nv?pg=21
2017-05-18 17:26:04,374 - __main__ - INFO - missed: http://www.manta.com/mb_55_AA1857PR_CKV/unclassified/las_vegas_nv?pg=22
2017-05-18 17:32:52,660 - __main__ - INFO - missed: http://www.manta.com/mb_55_AA1857PR_CKV/unclassified/las_vegas_nv?pg=23
2017-05-18 17:35:14,082 - __main__ - INFO - missed: http://www.manta.com/mb_55_AA1857PR_CKV/unclassified/las_vegas_nv?pg=24
2017-05-18 17:40:48,340 - __main__ - INFO - missed: http://www.manta.com/mb_55_AA1857PR_CKV/unclassified/las_vegas_nv?pg=26
2017-05-18 17:43:10,434 - __main__ - INFO - missed: http://www.manta.com/mb_55_AA1857PR_CKV/unclassified/las_vegas_nv?pg=27
2017-05-18 17:49:50,244 - __main__ - INFO - missed: http://www.manta.com/mb_55_AA1857PR_CKV/unclassified/las_vegas_nv?pg=28
2017-05-18 17:56:00,944 - __main__ - INFO - missed: http://www.manta.com/mb_55_AA1857PR_CKV/unclassified/las_vegas_nv?pg=29
2017-05-18 17:58:12,553 - __main__ - INFO - missed: http://www.manta.com/mb_55_AA1857PR_CKV/unclassified/las_vegas_nv?pg=30
2017-05-18 18:01:02,625 - __main__ - INFO - missed: http://www.manta.com/mb_55_AA1857PR_CKV/unclassified/las_vegas_nv?pg=31
2017-05-18 18:03:10,454 - __main__ - INFO - missed: http://www.manta.com/mb_55_AA1857PR_CKV/unclassified/las_vegas_nv?pg=32
2017-05-18 18:10:50,887 - __main__ - INFO - missed: http://www.manta.com/mb_55_AA1857PR_CKV/unclassified/las_vegas_nv?pg=34
2017-05-19 08:08:34,904 - __main__ - INFO - missed: http://www.manta.com/mb_55_AA1857PR_CKV/unclassified/las_vegas_nv?pg=35
